<?xml version="1.0" encoding="UTF-8"?>
<!-- Generated by org.testng.reporters.JUnitReportReporter -->
<testsuite hostname="FVFVT7HSJ1WK" failures="0" tests="1" name="Testcase1.Login" time="32.183" errors="0" timestamp="24 Apr 2021 11:29:32 GMT">
  <testcase classname="Testcase1.Login" name="signin" time="32.183"/>
</testsuite>
